<?xml version="1.0" encoding="UTF-8"?>
<coverage generated="1570960180718" clover="3.2.0">
  <project timestamp="1570960180718" name="All files">
    <metrics statements="43" coveredstatements="27" conditionals="35" coveredconditionals="13" methods="19" coveredmethods="12" elements="97" coveredelements="52" complexity="0" loc="43" ncloc="43" packages="1" files="2" classes="2"/>
    <file name="Input.vue" path="/Users/dengmingyu/Documents/npm/vue-tag-select/src/lib/Input.vue">
      <metrics statements="15" coveredstatements="9" conditionals="9" coveredconditionals="4" methods="8" coveredmethods="6"/>
      <line num="33" count="1" type="stmt"/>
      <line num="39" count="1" type="cond" truecount="1" falsecount="1"/>
      <line num="40" count="1" type="stmt"/>
      <line num="44" count="1" type="stmt"/>
      <line num="46" count="1" type="stmt"/>
      <line num="52" count="0" type="cond" truecount="0" falsecount="2"/>
      <line num="53" count="0" type="stmt"/>
      <line num="54" count="0" type="stmt"/>
      <line num="56" count="0" type="stmt"/>
      <line num="61" count="3" type="cond" truecount="3" falsecount="0"/>
      <line num="66" count="0" type="cond" truecount="0" falsecount="2"/>
      <line num="67" count="0" type="stmt"/>
      <line num="71" count="2" type="stmt"/>
      <line num="75" count="1" type="stmt"/>
      <line num="76" count="1" type="stmt"/>
    </file>
    <file name="TagFields.vue" path="/Users/dengmingyu/Documents/npm/vue-tag-select/src/lib/TagFields.vue">
      <metrics statements="28" coveredstatements="18" conditionals="26" coveredconditionals="9" methods="11" coveredmethods="6"/>
      <line num="16" count="1" type="stmt"/>
      <line num="24" count="1" type="stmt"/>
      <line num="51" count="1" type="stmt"/>
      <line num="59" count="0" type="cond" truecount="0" falsecount="2"/>
      <line num="60" count="0" type="stmt"/>
      <line num="64" count="0" type="stmt"/>
      <line num="67" count="1" type="stmt"/>
      <line num="69" count="1" type="cond" truecount="2" falsecount="3"/>
      <line num="71" count="1" type="cond" truecount="1" falsecount="1"/>
      <line num="72" count="0" type="stmt"/>
      <line num="74" count="0" type="cond" truecount="0" falsecount="2"/>
      <line num="76" count="1" type="cond" truecount="1" falsecount="1"/>
      <line num="77" count="1" type="cond" truecount="1" falsecount="1"/>
      <line num="78" count="1" type="cond" truecount="1" falsecount="1"/>
      <line num="79" count="1" type="stmt"/>
      <line num="80" count="1" type="stmt"/>
      <line num="84" count="1" type="cond" truecount="1" falsecount="1"/>
      <line num="85" count="0" type="stmt"/>
      <line num="86" count="0" type="cond" truecount="0" falsecount="2"/>
      <line num="88" count="1" type="cond" truecount="1" falsecount="1"/>
      <line num="89" count="1" type="stmt"/>
      <line num="91" count="0" type="stmt"/>
      <line num="93" count="1" type="stmt"/>
      <line num="94" count="1" type="stmt"/>
      <line num="97" count="0" type="stmt"/>
      <line num="103" count="1" type="stmt"/>
      <line num="106" count="0" type="stmt"/>
      <line num="111" count="1" type="cond" truecount="1" falsecount="1"/>
    </file>
  </project>
</coverage>
