TN:
SF:/Users/dengmingyu/Documents/npm/vue-tag-select/src/lib/Input.vue
FN:32,(anonymous_1)
FN:38,(anonymous_2)
FN:40,(anonymous_3)
FN:50,(anonymous_4)
FN:60,(anonymous_5)
FN:65,(anonymous_6)
FN:70,(anonymous_7)
FN:74,(anonymous_8)
FNF:8
FNH:6
FNDA:1,(anonymous_1)
FNDA:1,(anonymous_2)
FNDA:1,(anonymous_3)
FNDA:0,(anonymous_4)
FNDA:3,(anonymous_5)
FNDA:0,(anonymous_6)
FNDA:2,(anonymous_7)
FNDA:1,(anonymous_8)
DA:33,1
DA:39,1
DA:40,1
DA:44,1
DA:46,1
DA:52,0
DA:53,0
DA:54,0
DA:56,0
DA:61,3
DA:66,0
DA:67,0
DA:71,2
DA:75,1
DA:76,1
LF:15
LH:9
BRDA:39,0,0,1
BRDA:39,0,1,0
BRDA:52,1,0,0
BRDA:52,1,1,0
BRDA:61,2,0,3
BRDA:61,2,1,3
BRDA:61,2,2,2
BRDA:66,3,0,0
BRDA:66,3,1,0
BRF:9
BRH:4
end_of_record
TN:
SF:/Users/dengmingyu/Documents/npm/vue-tag-select/src/lib/TagFields.vue
FN:23,(anonymous_2)
FN:24,(anonymous_3)
FN:50,(anonymous_4)
FN:58,(anonymous_5)
FN:63,(anonymous_6)
FN:66,(anonymous_7)
FN:83,(anonymous_8)
FN:96,(anonymous_9)
FN:102,(anonymous_10)
FN:105,(anonymous_11)
FN:110,(anonymous_12)
FNF:11
FNH:6
FNDA:1,(anonymous_2)
FNDA:0,(anonymous_3)
FNDA:1,(anonymous_4)
FNDA:0,(anonymous_5)
FNDA:0,(anonymous_6)
FNDA:1,(anonymous_7)
FNDA:1,(anonymous_8)
FNDA:0,(anonymous_9)
FNDA:1,(anonymous_10)
FNDA:0,(anonymous_11)
FNDA:1,(anonymous_12)
DA:16,1
DA:24,1
DA:51,1
DA:59,0
DA:60,0
DA:64,0
DA:67,1
DA:69,1
DA:71,1
DA:72,0
DA:74,0
DA:76,1
DA:77,1
DA:78,1
DA:79,1
DA:80,1
DA:84,1
DA:85,0
DA:86,0
DA:88,1
DA:89,1
DA:91,0
DA:93,1
DA:94,1
DA:97,0
DA:103,1
DA:106,0
DA:111,1
LF:28
LH:18
BRDA:59,0,0,0
BRDA:59,0,1,0
BRDA:69,1,0,0
BRDA:69,1,1,1
BRDA:69,2,0,1
BRDA:69,2,1,0
BRDA:69,2,2,0
BRDA:71,3,0,0
BRDA:71,3,1,1
BRDA:74,4,0,0
BRDA:74,4,1,0
BRDA:76,5,0,0
BRDA:76,5,1,1
BRDA:77,6,0,0
BRDA:77,6,1,1
BRDA:78,7,0,1
BRDA:78,7,1,0
BRDA:83,8,0,0
BRDA:84,9,0,0
BRDA:84,9,1,1
BRDA:86,10,0,0
BRDA:86,10,1,0
BRDA:88,11,0,1
BRDA:88,11,1,0
BRDA:111,12,0,0
BRDA:111,12,1,1
BRF:26
BRH:9
end_of_record
